This is pdfTeXk, Version 3.141592-1.40.3 (Web2C 7.5.6) (format=pdflatex_ml 2008.8.22)  18 APR 2018 17:56
 %&-line parsing enabled.
**&pdflatex_ml C:/Users/user/AppData/Local/Temp/swp0000.tex
(c:/Users/user/AppData/Local/Temp/swp0000.tex
LaTeX2e <2003/12/01>
Babel <v3.8a> and hyphenation patterns for american, english, french, german, n
german, loaded.
(c:/swp55/TCITeX/tex/latex/base/article.cls
Document Class: article 2004/02/16 v1.4f Standard LaTeX document class
(c:/swp55/TCITeX/tex/latex/base/fleqn.clo
File: fleqn.clo 1998/08/17 v1.1c Standard LaTeX option (flush left equations)
\mathindent=\dimen102
)
(c:/swp55/TCITeX/tex/latex/base/size12.clo
File: size12.clo 2004/02/16 v1.4f Standard LaTeX file (size option)
)
\c@part=\count79
\c@section=\count80
\c@subsection=\count81
\c@subsubsection=\count82
\c@paragraph=\count83
\c@subparagraph=\count84
\c@figure=\count85
\c@table=\count86
\abovecaptionskip=\skip41
\belowcaptionskip=\skip42
\bibindent=\dimen103
)
(c:/swp55/TCITeX/tex/latex/contrib/geometry/geometry.sty
Package: geometry 2008/12/21 v4.2 Page Geometry

(c:/swp55/TCITeX/tex/latex/required/graphics/keyval.sty
Package: keyval 1999/03/16 v1.13 key=value parser (DPC)
\KV@toks@=\toks14
)
(c:/swp55/TCITeX/tex/latex/contrib/oberdiek/ifpdf.sty
Package: ifpdf 2006/02/20 v1.4 Provides the ifpdf switch (HO)
Package ifpdf Info: pdfTeX in pdf mode detected.
)
(c:/swp55/TCITeX/tex/latex/contrib/oberdiek/ifvtex.sty
Package: ifvtex 2007/01/10 v1.2 Switches for detecting VTeX and its modes (HO)
Package ifvtex Info: VTeX not detected.
)
\Gm@cnth=\count87
\Gm@cntv=\count88
\c@Gm@tempcnt=\count89
\Gm@bindingoffset=\dimen104
\Gm@wd@mp=\dimen105
\Gm@odd@mp=\dimen106
\Gm@even@mp=\dimen107
\Gm@dimlist=\toks15

(c:/swp55/TCITeX/tex/latex/contrib/geometry/geometry.cfg))
(c:/swp55/TCITeX/tex/latex/contrib/setspace/setspace.sty
Package: setspace 2000/12/01 6.7 Contributed and Supported LaTeX2e package

Package: `setspace' 6.7 <2000/12/01>
) (c:/swp55/TCITeX/tex/latex/amsfonts/amsfonts.sty
Package: amsfonts 2001/10/25 v2.2f
\@emptytoks=\toks16
\symAMSa=\mathgroup4
\symAMSb=\mathgroup5
LaTeX Font Info:    Overwriting math alphabet `\mathfrak' in version `bold'
(Font)                  U/euf/m/n --> U/euf/b/n on input line 132.
)
(c:/swp55/TCITeX/tex/latex/base/inputenc.sty
Package: inputenc 2004/02/05 v1.0d Input encoding file
)
(c:/swp55/TCITeX/tex/latex/required/graphics/graphicx.sty
Package: graphicx 1999/02/16 v1.0f Enhanced LaTeX Graphics (DPC,SPQR)

(c:/swp55/TCITeX/tex/latex/required/graphics/graphics.sty
Package: graphics 2001/07/07 v1.0n Standard LaTeX Graphics (DPC,SPQR)

(c:/swp55/TCITeX/tex/latex/required/graphics/trig.sty
Package: trig 1999/03/16 v1.09 sin cos tan (DPC)
)
(c:/swp55/TCITeX/tex/latex/required/graphics/graphics.cfg
File: graphics.cfg 
)
Package graphics Info: Driver file: pdftex.def on input line 80.

(c:/swp55/TCITeX/tex/latex/required/graphics/pdftex.def
File: pdftex.def 2007/01/08 v0.04d Graphics/color for pdfTeX
\Gread@gobject=\count90
))
\Gin@req@height=\dimen108
\Gin@req@width=\dimen109
)
(c:/swp55/TCITeX/tex/latex/amsmath/amsmath.sty
Package: amsmath 2000/07/18 v2.13 AMS math features
\@mathmargin=\skip43

For additional information on amsmath, use the `?' option.
(c:/swp55/TCITeX/tex/latex/amsmath/amstext.sty
Package: amstext 2000/06/29 v2.01

(c:/swp55/TCITeX/tex/latex/amsmath/amsgen.sty
File: amsgen.sty 1999/11/30 v2.0
\@emptytoks=\toks17
\ex@=\dimen110
))
(c:/swp55/TCITeX/tex/latex/amsmath/amsbsy.sty
Package: amsbsy 1999/11/29 v1.2d
\pmbraise@=\dimen111
)
(c:/swp55/TCITeX/tex/latex/amsmath/amsopn.sty
Package: amsopn 1999/12/14 v2.01 operator names
)
\inf@bad=\count91
LaTeX Info: Redefining \frac on input line 211.
\uproot@=\count92
\leftroot@=\count93
LaTeX Info: Redefining \overline on input line 307.
\classnum@=\count94
\DOTSCASE@=\count95
LaTeX Info: Redefining \ldots on input line 379.
LaTeX Info: Redefining \dots on input line 382.
LaTeX Info: Redefining \cdots on input line 467.
\Mathstrutbox@=\box26
\strutbox@=\box27
\big@size=\dimen112
LaTeX Font Info:    Redeclaring font encoding OML on input line 567.
LaTeX Font Info:    Redeclaring font encoding OMS on input line 568.
\macc@depth=\count96
\c@MaxMatrixCols=\count97
\dotsspace@=\muskip10
\c@parentequation=\count98
\dspbrk@lvl=\count99
\tag@help=\toks18
\row@=\count100
\column@=\count101
\maxfields@=\count102
\andhelp@=\toks19
\eqnshift@=\dimen113
\alignsep@=\dimen114
\tagshift@=\dimen115
\tagwidth@=\dimen116
\totwidth@=\dimen117
\lineht@=\dimen118
\@envbody=\toks20
\multlinegap=\skip44
\multlinetaggap=\skip45
\mathdisplay@stack=\toks21
LaTeX Info: Redefining \[ on input line 2666.
LaTeX Info: Redefining \] on input line 2667.
)
(c:/swp55/TCITeX/tex/latex/contrib/bezos/accents.sty
Package: accents 2006/05/12 v1.3 Math Accent Tools
\cc@skew=\dimen119
\cc@wd=\dimen120
\cc@code=\count103
\cc@group=\count104
\cc@skewchar=\count105
)
(c:/swp55/TCITeX/tex/latex/eurosym/eurosym.sty
Package: eurosym 1998/08/06 v1.1 European currency symbol ``Euro''
\@eurobox=\box28
)
(c:/swp55/TCITeX/tex/latex/amsfonts/amssymb.sty
Package: amssymb 2002/01/22 v2.2d
)
(c:/swp55/TCITeX/tex/latex/contrib/rotating/rotating.sty
Package: rotating 2009/03/28 v2.16a rotated objects in LaTeX

(c:/swp55/TCITeX/tex/latex/base/ifthen.sty
Package: ifthen 2001/05/26 v1.1c Standard LaTeX ifthen package (DPC)
)
\c@r@tfl@t=\count106
\rotFPtop=\skip46
\rotFPbot=\skip47
\rot@float@box=\box29
\rot@mess@toks=\toks22
)
(c:/swp55/TCITeX/tex/latex/contrib/sectsty/sectsty.sty
Package: sectsty 2002/02/25 v2.0.2 Commands to change all sectional heading sty
les
)
(c:/swp55/TCITeX/tex/latex/contrib/misc/endnotes.sty
\c@endnote=\count107
\endnotesep=\dimen121
\@enotes=\write3
)
(c:/swp55/TCITeX/tex/latex/contrib/misc/chbibref.sty
Package: chbibref 2001/03/07 v1.0 change Bibliography/References heading
)
(c:/swp55/TCITeX/tex/latex/contrib/float/float.sty
Package: float 2001/11/08 v1.3d Float enhancements (AL)
\c@float@type=\count108
\float@exts=\toks23
\float@box=\box30
\@float@everytoks=\toks24
\@floatcapt=\box31
)
(c:/swp55/TCITeX/tex/latex/contrib/carlisle/nopageno.sty
Package: nopageno 1989/01/01 no page numbers (DPC)
)
(c:/swp55/TCITeX/tex/latex/contrib/caption/caption.sty
Package: caption 2008/08/24 v3.1j Customizing captions (AR)

(c:/swp55/TCITeX/tex/latex/contrib/caption/caption3.sty
Package: caption3 2008/08/24 v3.1j caption3 kernel (AR)
\captionmargin=\dimen122
\captionmargin@=\dimen123
\captionwidth=\dimen124
\caption@indent=\dimen125
\caption@parindent=\dimen126
\caption@hangindent=\dimen127
)
\c@ContinuedFloat=\count109
Package caption Info: float package is loaded.
Package caption Info: rotating package is loaded.
)
(c:/swp55/TCITeX/tex/latex/contrib/carlisle/scalefnt.sty)
(c:/swp55/TCITeX/tex/latex/contrib/ms/ragged2e.sty
Package: ragged2e 2009/05/21 v2.1 ragged2e Package (MS)

(c:/swp55/TCITeX/tex/latex/contrib/ms/everysel.sty
Package: everysel 1999/06/08 v1.03 EverySelectfont Package (MS)
)
\CenteringLeftskip=\skip48
\RaggedLeftLeftskip=\skip49
\RaggedRightLeftskip=\skip50
\CenteringRightskip=\skip51
\RaggedLeftRightskip=\skip52
\RaggedRightRightskip=\skip53
\CenteringParfillskip=\skip54
\RaggedLeftParfillskip=\skip55
\RaggedRightParfillskip=\skip56
\JustifyingParfillskip=\skip57
\CenteringParindent=\skip58
\RaggedLeftParindent=\skip59
\RaggedRightParindent=\skip60
\JustifyingParindent=\skip61
)
\c@theorem=\count110

(c:/swp55/TCITeX/tex/latex/SWmacros/tcilatex.tex
TCILATEX Macros for Scientific Word and Scientific WorkPlace 5.5 <06 Oct 2005>.

NOTICE: This macro file is NOT proprietary and may be freely copied and distrib
uted.
\msipdfoutput=\count111
\@hour=\count112
\@minute=\count113
\GRAPHICSTYPE=\count114
\@msidraft=\count115
\dispkind=\count116
\c@chapter=\count117
\theight=\dimen128
LaTeX Info: Redefining \rm on input line 653.
LaTeX Info: Redefining \sf on input line 654.
LaTeX Info: Redefining \tt on input line 655.
LaTeX Info: Redefining \bf on input line 656.
LaTeX Info: Redefining \it on input line 657.
LaTeX Info: Redefining \sl on input line 658.
LaTeX Info: Redefining \sc on input line 659.
\c@equationnumber=\count118
\temptoksa=\toks25
\temptoksb=\toks26
\temptoksc=\toks27
)
\@bibhang=\dimen129
 (./swp0000.aux

LaTeX Warning: Label `' multiply defined.


LaTeX Warning: Label `' multiply defined.


LaTeX Warning: Label `' multiply defined.


LaTeX Warning: Label `' multiply defined.


LaTeX Warning: Label `' multiply defined.


LaTeX Warning: Label `' multiply defined.


LaTeX Warning: Label `' multiply defined.


LaTeX Warning: Label `' multiply defined.


LaTeX Warning: Label `' multiply defined.


LaTeX Warning: Label `' multiply defined.


LaTeX Warning: Label `' multiply defined.


LaTeX Warning: Label `' multiply defined.


LaTeX Warning: Label `' multiply defined.


LaTeX Warning: Label `' multiply defined.


LaTeX Warning: Label `' multiply defined.


LaTeX Warning: Label `' multiply defined.


LaTeX Warning: Label `' multiply defined.


LaTeX Warning: Label `' multiply defined.


LaTeX Warning: Label `' multiply defined.


LaTeX Warning: Label `' multiply defined.


LaTeX Warning: Label `' multiply defined.


LaTeX Warning: Label `' multiply defined.


LaTeX Warning: Label `' multiply defined.

)
\openout1 = `swp0000.aux'.

LaTeX Font Info:    Checking defaults for OML/cmm/m/it on input line 76.
LaTeX Font Info:    ... okay on input line 76.
LaTeX Font Info:    Checking defaults for T1/cmr/m/n on input line 76.
LaTeX Font Info:    ... okay on input line 76.
LaTeX Font Info:    Checking defaults for OT1/cmr/m/n on input line 76.
LaTeX Font Info:    ... okay on input line 76.
LaTeX Font Info:    Checking defaults for OMS/cmsy/m/n on input line 76.
LaTeX Font Info:    ... okay on input line 76.
LaTeX Font Info:    Checking defaults for OMX/cmex/m/n on input line 76.
LaTeX Font Info:    ... okay on input line 76.
LaTeX Font Info:    Checking defaults for U/cmr/m/n on input line 76.
LaTeX Font Info:    ... okay on input line 76.

*geometry auto-detecting driver*
*geometry detected driver: pdftex*
-------------------- Geometry parameters
paper: letterpaper
landscape: --
twocolumn: --
twoside: --
asymmetric: --
h-parts: 72.26999pt, 469.75502pt, 72.26999pt
v-parts: 72.26999pt, 650.43001pt, 72.26999pt
hmarginratio: --
vmarginratio: --
lines: --
heightrounded: --
bindingoffset: 0.0pt
truedimen: --
includehead: --
includefoot: --
includemp: --
driver: pdftex
-------------------- Page layout dimensions and switches
\paperwidth  614.295pt
\paperheight 794.96999pt
\textwidth  469.75502pt
\textheight 650.43001pt
\oddsidemargin  0.0pt
\evensidemargin 0.0pt
\topmargin  -37.0pt
\headheight 12.0pt
\headsep    25.0pt
\footskip   30.0pt
\marginparwidth 44.0pt
\marginparsep   10.0pt
\columnsep  10.0pt
\skip\footins  10.8pt plus 4.0pt minus 2.0pt
\hoffset 0.0pt
\voffset 0.0pt
\mag 1000

(1in=72.27pt, 1cm=28.45pt)
-----------------------
Package caption Info: Begin \AtBeginDocument code.
Package caption Info: End \AtBeginDocument code.
LaTeX Info: Redefining \selectfont on input line 76.
LaTeX Font Info:    Try loading font information for U+msa on input line 90.
(c:/swp55/TCITeX/tex/latex/amsfonts/umsa.fd
File: umsa.fd 2002/01/19 v2.2g AMS font definitions
)
LaTeX Font Info:    Try loading font information for U+msb on input line 90.

(c:/swp55/TCITeX/tex/latex/amsfonts/umsb.fd
File: umsb.fd 2002/01/19 v2.2g AMS font definitions
)
LaTeX Font Info:    Try loading font information for T1+cmtt on input line 93.

(c:/swp55/TCITeX/tex/latex/base/t1cmtt.fd
File: t1cmtt.fd 1999/05/25 v2.5h Standard LaTeX font definitions
) [1

{c:/swp55/TCITeX/fonts/map/pdftex/pdftex.map}]
<C:/Users/user/AppData/Local/Temp/graphics/P6UVVI00__1.pdf, id=9, 473.5863pt x 
208.08038pt>
File: C:/Users/user/AppData/Local/Temp/graphics/P6UVVI00__1.pdf Graphic file (t
ype pdf)
 <use C:/Users/user/AppData/Local/Temp/graphics/P6UVVI00__1.pdf>
Overfull \hbox (3.84457pt too wide) in paragraph at lines 173--175
 [] 
 []

[2 <c:/Users/user/AppData/Local/Temp/graphics/P6UVVI00__1.pdf>] [3] [4]
[5] [6] [7] [8] [9] [10] [11]
Overfull \hbox (50.54195pt too wide) in paragraph at lines 959--962
\T1/cmtt/m/n/12 ziop-3 $\OML/cmm/m/it/12 depvar$ $indepvars$ \T1/cmtt/m/n/12 [$
\OML/cmm/m/it/12 if$\T1/cmtt/m/n/12 ] [$\OML/cmm/m/it/12 in$\T1/cmtt/m/n/12 ] [
, zp($\OML/cmm/m/it/12 varlist$\T1/cmtt/m/n/12 ) zn($\OML/cmm/m/it/12 varlist$\
T1/cmtt/m/n/12 ) infcat($\OML/cmm/m/it/12 integer$ $\OT1/cmr/m/n/12 0$\T1/cmtt/
m/n/12 ) correlated
 []


Overfull \hbox (92.76468pt too wide) in paragraph at lines 968--971
\T1/cmtt/m/n/12 ziop-2 $\OML/cmm/m/it/12 depvar$ $indepvars$ \T1/cmtt/m/n/12 [$
\OML/cmm/m/it/12 if$\T1/cmtt/m/n/12 ] [$\OML/cmm/m/it/12 in$\T1/cmtt/m/n/12 ] [
, z ($\OML/cmm/m/it/12 varlist$\T1/cmtt/m/n/12 ) infcat($\OML/cmm/m/it/12 integ
er$ $\OT1/cmr/m/n/12 0$\T1/cmtt/m/n/12 ) correlated cluster($\OML/cmm/m/it/12 v
arname$\T1/cmtt/m/n/12 )
 []


Overfull \hbox (32.02147pt too wide) in paragraph at lines 977--980
\T1/cmtt/m/n/12 nop $\OML/cmm/m/it/12 depvar$ $indepvars$ \T1/cmtt/m/n/12 [$\OM
L/cmm/m/it/12 if$\T1/cmtt/m/n/12 ] [$\OML/cmm/m/it/12 in$\T1/cmtt/m/n/12 ] [, z
p($\OML/cmm/m/it/12 varlist$\T1/cmtt/m/n/12 ) zn($\OML/cmm/m/it/12 varlist$\T1/
cmtt/m/n/12 ) infcat($\OML/cmm/m/it/12 integer$ $\OT1/cmr/m/n/12 0$\T1/cmtt/m/n
/12 ) correlated
 []

! Undefined control sequence.
<recently read> \midrule 
                         
l.991 \midrule
              \texttt{zp($varlist$)} & list of covariates for positive respo...

? 
[12]
Overfull \hbox (2.0753pt too wide) in paragraph at lines 1026--1031
[][] 
 []

[13] [14] [15]
<C:/Users/user/AppData/Local/Temp/graphics/P6BDD601__2.pdf, id=78, 467.33698pt 
x 392.67703pt>
File: C:/Users/user/AppData/Local/Temp/graphics/P6BDD601__2.pdf Graphic file (t
ype pdf)
 <use C:/Users/user/AppData/Local/Temp/graphics/P6BDD601__2.pdf>
[16] [17 <c:/Users/user/AppData/Local/Temp/graphics/P6BDD601__2.pdf>] [18]
<C:/Users/user/AppData/Local/Temp/graphics/P6TXE50A__3.pdf, id=95, 481.79097pt 
x 199.33974pt>
File: C:/Users/user/AppData/Local/Temp/graphics/P6TXE50A__3.pdf Graphic file (t
ype pdf)
 <use C:/Users/user/AppData/Local/Temp/graphics/P6TXE50A__3.pdf>
[19 <c:/Users/user/AppData/Local/Temp/graphics/P6TXE50A__3.pdf>] (./swp0000.aux
)

LaTeX Warning: There were multiply-defined labels.

 ) 
Here is how much of TeX's memory you used:
 3714 strings out of 95101
 51587 string characters out of 1183309
 126087 words of memory out of 1500000
 6687 multiletter control sequences out of 10000+50000
 36751 words of font info for 100 fonts, out of 1200000 for 2000
 22 hyphenation exceptions out of 8191
 36i,21n,38p,433b,404s stack positions out of 5000i,500n,6000p,200000b,5000s
{c:/swp55/TCITeX/fonts/type1/cmr10.enc}<c:/swp55/TCITeX/fonts/truetype/cmr10.
ttf>{c:/swp55/TCITeX/fonts/type1/cmmi10.enc}<c:/swp55/TCITeX/fonts/truetype/cmm
i10.ttf>{c:/swp55/TCITeX/fonts/type1/msbm10.enc}<c:/swp55/TCITeX/fonts/truetype
/msbm10.ttf>{c:/swp55/TCITeX/fonts/type1/cmmi6.enc}<c:/swp55/TCITeX/fonts/truet
ype/cmmi6.ttf>{c:/swp55/TCITeX/fonts/type1/cmr7.enc}<c:/swp55/TCITeX/fonts/true
type/cmr7.ttf>{c:/swp55/TCITeX/fonts/type1/cmmi7.enc}<c:/swp55/TCITeX/fonts/tru
etype/cmmi7.ttf>{c:/swp55/TCITeX/fonts/type1/cmsy7.enc}<c:/swp55/TCITeX/fonts/t
ruetype/cmsy7.ttf>{c:/swp55/TCITeX/fonts/type1/cmbx10.enc}<c:/swp55/TCITeX/font
s/truetype/cmbx10.ttf>{c:/swp55/TCITeX/fonts/type1/cmbx8.enc}<c:/swp55/TCITeX/f
onts/truetype/cmbx8.ttf>{c:/swp55/TCITeX/fonts/type1/cmmib8.enc}<c:/swp55/TCITe
X/fonts/truetype/cmmib8.ttf>{c:/swp55/TCITeX/fonts/type1/cmsy6.enc}<c:/swp55/TC
ITeX/fonts/truetype/cmsy6.ttf>{c:/swp55/TCITeX/fonts/type1/cmex10.enc}<c:/swp55
/TCITeX/fonts/truetype/cmex10.ttf>{c:/swp55/TCITeX/fonts/type1/cmr6.enc}<c:/swp
55/TCITeX/fonts/truetype/cmr6.ttf>{c:/swp55/TCITeX/fonts/type1/cmmib10.enc}<c:/
swp55/TCITeX/fonts/truetype/cmmib10.ttf>{c:/swp55/TCITeX/fonts/type1/cmbx12.enc
}<c:/swp55/TCITeX/fonts/truetype/cmbx12.ttf>{c:/swp55/TCITeX/fonts/type1/cmr8.e
nc}<c:/swp55/TCITeX/fonts/truetype/cmr8.ttf>{c:/swp55/TCITeX/fonts/type1/cmsy8.
enc}<c:/swp55/TCITeX/fonts/truetype/cmsy8.ttf>{c:/swp55/TCITeX/fonts/type1/cmsy
10.enc}<c:/swp55/TCITeX/fonts/truetype/cmsy10.ttf>{c:/swp55/TCITeX/fonts/type1/
cmr12.enc}<c:/swp55/TCITeX/fonts/truetype/cmr12.ttf>{c:/swp55/TCITeX/fonts/type
1/cmmi8.enc}<c:/swp55/TCITeX/fonts/truetype/cmmi8.ttf>{c:/swp55/TCITeX/fonts/ty
pe1/cmmi12.enc}<c:/swp55/TCITeX/fonts/truetype/cmmi12.ttf>{c:/swp55/TCITeX/font
s/type1/dcti10.enc}<c:/swp55/TCITeX/fonts/truetype/dcti10.ttf>{c:/swp55/TCITeX/
fonts/type1/dctt10.enc}<c:/swp55/TCITeX/fonts/truetype/dctt10.ttf>{c:/swp55/TCI
TeX/fonts/type1/dcbx10.enc}<c:/swp55/TCITeX/fonts/truetype/dcbx10.ttf>{c:/swp55
/TCITeX/fonts/type1/dcr10.enc}<c:/swp55/TCITeX/fonts/truetype/dcr10.ttf>
Output written on swp0000.pdf (19 pages, 285050 bytes).
PDF statistics:
 187 PDF objects out of 1000 (max. 8388607)
 0 named destinations out of 1000 (max. 131072)
 16 words of extra memory for PDF output out of 10000 (max. 10000000)

